[2026-02-18 22:53:05] [INFO] Sistema iniciado.
[2026-02-18 22:53:57] [INFO] Executando: C:\Users\Nanosistecck\Documents\GitHub\AutomacaoBat\FATURAMENTO-PRO\processo_acertos.cmd 
[2026-02-18 22:58:29] [INFO] Sistema iniciado.
[2026-02-18 22:58:33] [INFO] Executando: C:\Users\Nanosistecck\Documents\GitHub\AutomacaoBat\IMPRESSAO_PRO\EXECUTAR_IMPRESSAO.bat 
[2026-02-18 22:58:44] [ERROR] Execução retornou código 1: C:\Users\Nanosistecck\Documents\GitHub\AutomacaoBat\IMPRESSAO_PRO\EXECUTAR_IMPRESSAO.bat
[2026-02-18 22:59:15] [ERROR] Não é possível associar o argumento ao parâmetro 'LiteralPath' porque ele é uma cadeia de caracteres vazia.
[2026-02-18 22:59:27] [INFO] Executando: C:\Users\Nanosistecck\Documents\GitHub\AutomacaoBat\UTILITARIOS\MAPEAR REDE.cmd 
[2026-02-18 22:59:36] [ERROR] Execução retornou código 2: C:\Users\Nanosistecck\Documents\GitHub\AutomacaoBat\UTILITARIOS\MAPEAR REDE.cmd
[2026-02-18 22:59:43] [INFO] Sistema iniciado.
[2026-02-18 22:59:57] [INFO] Definindo impressora padrão: Microsoft Print to PDF
[2026-02-18 23:00:08] [ERROR] Falha ao definir impressora: Não é possível localizar um parâmetro que coincida com o nome de parâmetro 'IsDefault'.
[2026-02-18 23:00:08] [ERROR] Não é possível localizar um parâmetro que coincida com o nome de parâmetro 'IsDefault'.
[2026-02-18 23:00:17] [INFO] Executando: C:\Users\Nanosistecck\Documents\GitHub\AutomacaoBat\UTILITARIOS\PDFCreator_AUTOSAVE_ON.bat 
[2026-02-18 23:00:21] [INFO] Concluído: C:\Users\Nanosistecck\Documents\GitHub\AutomacaoBat\UTILITARIOS\PDFCreator_AUTOSAVE_ON.bat
[2026-02-18 23:00:28] [INFO] Executando: C:\Users\Nanosistecck\Documents\GitHub\AutomacaoBat\UTILITARIOS\PDFCreator_SAVE_OFF.bat 
[2026-02-18 23:00:30] [INFO] Concluído: C:\Users\Nanosistecck\Documents\GitHub\AutomacaoBat\UTILITARIOS\PDFCreator_SAVE_OFF.bat
[2026-02-18 23:00:45] [INFO] Pasta aberta: C:\Users\Nanosistecck\Downloads\DESKTOP
[2026-02-18 23:01:15] [INFO] Iniciando automação completa (rede -> processo acertos -> impressão).
[2026-02-18 23:01:15] [INFO] Executando: C:\Users\Nanosistecck\Documents\GitHub\AutomacaoBat\UTILITARIOS\MAPEAR REDE.cmd 
[2026-02-18 23:01:24] [ERROR] Execução retornou código 2: C:\Users\Nanosistecck\Documents\GitHub\AutomacaoBat\UTILITARIOS\MAPEAR REDE.cmd
[2026-02-18 23:12:47] [INFO] Sistema iniciado.
[2026-02-18 23:14:24] [INFO] Sistema iniciado.
[2026-02-18 23:20:02] [INFO] Sistema iniciado.
